2020-09-03 10:53:13 1636 [Note] Plugin 'InnoDB' is disabled.
2020-09-03 10:53:13 1636 [Note] Server socket created on IP: '127.0.0.1'.
2020-09-03 10:53:13 16528 [Warning] Failed to load slave replication state from table mysql.gtid_slave_pos: 1286: Unknown storage engine 'InnoDB'
2020-09-03 10:53:13 1636 [Note] E:\tools\ZenTao\xampp\mysql\bin\mysqld.exe: ready for connections.
Version: '10.1.21-MariaDB'  socket: ''  port: 3306  mariadb.org binary distribution
2020-09-03 10:55:40 16588 [ERROR] mysqld.exe: Table '.\zentao\zt_config' is marked as crashed and should be repaired
2020-09-03 10:55:40 16588 [Warning] Checking table:   '.\zentao\zt_config'
2020-09-03 10:55:40 16588 [ERROR] mysqld.exe: Table '.\zentao\zt_company' is marked as crashed and should be repaired
2020-09-03 10:55:40 16588 [Warning] Checking table:   '.\zentao\zt_company'
2020-09-03 10:55:40 16588 [ERROR] mysqld.exe: Table '.\zentao\zt_user' is marked as crashed and should be repaired
2020-09-03 10:55:40 16588 [Warning] Checking table:   '.\zentao\zt_user'
2020-09-03 10:55:40 16588 [ERROR] mysqld.exe: Table '.\zentao\zt_cron' is marked as crashed and should be repaired
2020-09-03 10:55:40 16588 [Warning] Checking table:   '.\zentao\zt_cron'
2020-09-03 10:55:48 16588 [ERROR] mysqld.exe: Table '.\zentao\zt_group' is marked as crashed and should be repaired
2020-09-03 10:55:48 16588 [Warning] Checking table:   '.\zentao\zt_group'
2020-09-03 10:55:48 16588 [ERROR] mysqld.exe: Table '.\zentao\zt_grouppriv' is marked as crashed and should be repaired
2020-09-03 10:55:48 16588 [Warning] Checking table:   '.\zentao\zt_grouppriv'
2020-09-03 10:58:14 14632 [ERROR] feedback plugin: ssl failed for url 'https://mariadb.org/feedback_plugin/post' unknown error number
2020-09-03 10:59:14 14632 [ERROR] feedback plugin: ssl failed for url 'https://mariadb.org/feedback_plugin/post' unknown error number
2020-09-03 11:00:15 14632 [ERROR] feedback plugin: ssl failed for url 'https://mariadb.org/feedback_plugin/post' unknown error number
2020-09-03 11:01:15 14632 [ERROR] feedback plugin: ssl failed for url 'https://mariadb.org/feedback_plugin/post' unknown error number
2020-09-03 11:02:16 14632 [ERROR] feedback plugin: ssl failed for url 'https://mariadb.org/feedback_plugin/post' unknown error number
2020-09-03 11:03:16 14632 [ERROR] feedback plugin: ssl failed for url 'https://mariadb.org/feedback_plugin/post' unknown error number
2020-09-03 11:04:17 14632 [ERROR] feedback plugin: ssl failed for url 'https://mariadb.org/feedback_plugin/post' unknown error number
2020-09-03 11:05:17 14632 [ERROR] feedback plugin: ssl failed for url 'https://mariadb.org/feedback_plugin/post' unknown error number
2020-09-03 11:06:17 14632 [ERROR] feedback plugin: ssl failed for url 'https://mariadb.org/feedback_plugin/post' unknown error number
2020-09-03 11:07:18 14632 [ERROR] feedback plugin: ssl failed for url 'https://mariadb.org/feedback_plugin/post' unknown error number
2020-09-03 11:08:18 14632 [ERROR] feedback plugin: ssl failed for url 'https://mariadb.org/feedback_plugin/post' unknown error number
2020-09-03 11:09:19 14632 [ERROR] feedback plugin: ssl failed for url 'https://mariadb.org/feedback_plugin/post' unknown error number
2020-09-03 11:10:19 14632 [ERROR] feedback plugin: ssl failed for url 'https://mariadb.org/feedback_plugin/post' unknown error number
2020-09-03 11:11:20 14632 [ERROR] feedback plugin: ssl failed for url 'https://mariadb.org/feedback_plugin/post' unknown error number
2020-09-03 11:12:20 14632 [ERROR] feedback plugin: ssl failed for url 'https://mariadb.org/feedback_plugin/post' unknown error number
2020-09-03 11:13:21 14632 [ERROR] feedback plugin: ssl failed for url 'https://mariadb.org/feedback_plugin/post' unknown error number
2020-09-03 11:14:21 14632 [ERROR] feedback plugin: ssl failed for url 'https://mariadb.org/feedback_plugin/post' unknown error number
2020-09-03 11:15:22 14632 [ERROR] feedback plugin: ssl failed for url 'https://mariadb.org/feedback_plugin/post' unknown error number
2020-09-03 11:16:22 14632 [ERROR] feedback plugin: ssl failed for url 'https://mariadb.org/feedback_plugin/post' unknown error number
2020-09-03 11:17:23 14632 [ERROR] feedback plugin: ssl failed for url 'https://mariadb.org/feedback_plugin/post' unknown error number
2020-09-03 11:18:23 14632 [ERROR] feedback plugin: ssl failed for url 'https://mariadb.org/feedback_plugin/post' unknown error number
2020-09-03 11:19:24 14632 [ERROR] feedback plugin: ssl failed for url 'https://mariadb.org/feedback_plugin/post' unknown error number
2020-09-03 11:20:24 14632 [ERROR] feedback plugin: ssl failed for url 'https://mariadb.org/feedback_plugin/post' unknown error number
2020-09-03 11:21:25 14632 [ERROR] feedback plugin: ssl failed for url 'https://mariadb.org/feedback_plugin/post' unknown error number
2020-09-03 11:22:25 14632 [ERROR] feedback plugin: ssl failed for url 'https://mariadb.org/feedback_plugin/post' unknown error number
2020-09-03 11:23:25 14632 [ERROR] feedback plugin: ssl failed for url 'https://mariadb.org/feedback_plugin/post' unknown error number
2020-09-03 11:24:26 14632 [ERROR] feedback plugin: ssl failed for url 'https://mariadb.org/feedback_plugin/post' unknown error number
2020-09-03 11:25:26 14632 [ERROR] feedback plugin: ssl failed for url 'https://mariadb.org/feedback_plugin/post' unknown error number
2020-09-03 11:26:27 14632 [ERROR] feedback plugin: ssl failed for url 'https://mariadb.org/feedback_plugin/post' unknown error number
2020-09-03 11:27:27 14632 [ERROR] feedback plugin: ssl failed for url 'https://mariadb.org/feedback_plugin/post' unknown error number
2020-09-03 11:28:28 14632 [ERROR] feedback plugin: ssl failed for url 'https://mariadb.org/feedback_plugin/post' unknown error number
2020-09-03 11:29:28 14632 [ERROR] feedback plugin: ssl failed for url 'https://mariadb.org/feedback_plugin/post' unknown error number
2020-09-03 11:30:29 14632 [ERROR] feedback plugin: ssl failed for url 'https://mariadb.org/feedback_plugin/post' unknown error number
2020-09-03 11:31:29 14632 [ERROR] feedback plugin: ssl failed for url 'https://mariadb.org/feedback_plugin/post' unknown error number
2020-09-03 11:32:30 14632 [ERROR] feedback plugin: ssl failed for url 'https://mariadb.org/feedback_plugin/post' unknown error number
2020-09-03 11:33:30 14632 [ERROR] feedback plugin: ssl failed for url 'https://mariadb.org/feedback_plugin/post' unknown error number
2020-09-03 11:34:31 14632 [ERROR] feedback plugin: ssl failed for url 'https://mariadb.org/feedback_plugin/post' unknown error number
2020-09-03 11:35:31 14632 [ERROR] feedback plugin: ssl failed for url 'https://mariadb.org/feedback_plugin/post' unknown error number
2020-09-03 11:36:32 14632 [ERROR] feedback plugin: ssl failed for url 'https://mariadb.org/feedback_plugin/post' unknown error number
2020-09-03 11:37:32 14632 [ERROR] feedback plugin: ssl failed for url 'https://mariadb.org/feedback_plugin/post' unknown error number
2020-09-03 11:38:33 14632 [ERROR] feedback plugin: ssl failed for url 'https://mariadb.org/feedback_plugin/post' unknown error number
2020-09-03 11:39:33 14632 [ERROR] feedback plugin: ssl failed for url 'https://mariadb.org/feedback_plugin/post' unknown error number
2020-09-03 11:40:34 14632 [ERROR] feedback plugin: ssl failed for url 'https://mariadb.org/feedback_plugin/post' unknown error number
2020-09-03 11:41:34 14632 [ERROR] feedback plugin: ssl failed for url 'https://mariadb.org/feedback_plugin/post' unknown error number
2020-09-03 11:42:35 14632 [ERROR] feedback plugin: ssl failed for url 'https://mariadb.org/feedback_plugin/post' unknown error number
2020-09-03 11:43:35 14632 [ERROR] feedback plugin: ssl failed for url 'https://mariadb.org/feedback_plugin/post' unknown error number
2020-09-03 11:44:35 14632 [ERROR] feedback plugin: ssl failed for url 'https://mariadb.org/feedback_plugin/post' unknown error number
2020-09-03 11:45:36 14632 [ERROR] feedback plugin: ssl failed for url 'https://mariadb.org/feedback_plugin/post' unknown error number
2020-09-03 11:46:36 14632 [ERROR] feedback plugin: ssl failed for url 'https://mariadb.org/feedback_plugin/post' unknown error number
2020-09-03 11:47:37 14632 [ERROR] feedback plugin: ssl failed for url 'https://mariadb.org/feedback_plugin/post' unknown error number
2020-09-03 11:48:37 14632 [ERROR] feedback plugin: ssl failed for url 'https://mariadb.org/feedback_plugin/post' unknown error number
2020-09-03 11:49:38 14632 [ERROR] feedback plugin: ssl failed for url 'https://mariadb.org/feedback_plugin/post' unknown error number
2020-09-03 11:50:38 14632 [ERROR] feedback plugin: ssl failed for url 'https://mariadb.org/feedback_plugin/post' unknown error number
2020-09-03 11:51:39 14632 [ERROR] feedback plugin: ssl failed for url 'https://mariadb.org/feedback_plugin/post' unknown error number
2020-09-03 11:52:39 14632 [ERROR] feedback plugin: ssl failed for url 'https://mariadb.org/feedback_plugin/post' unknown error number
2020-09-03 11:53:40 14632 [ERROR] feedback plugin: ssl failed for url 'https://mariadb.org/feedback_plugin/post' unknown error number
2020-09-03 11:54:40 14632 [ERROR] feedback plugin: ssl failed for url 'https://mariadb.org/feedback_plugin/post' unknown error number
2020-09-03 11:55:42 14632 [ERROR] feedback plugin: ssl failed for url 'https://mariadb.org/feedback_plugin/post' unknown error number
2020-09-03 11:56:43 14632 [ERROR] feedback plugin: ssl failed for url 'https://mariadb.org/feedback_plugin/post' unknown error number
2020-09-03 11:57:43 14632 [ERROR] feedback plugin: ssl failed for url 'https://mariadb.org/feedback_plugin/post' unknown error number
2020-09-03 11:58:44 14632 [ERROR] feedback plugin: ssl failed for url 'https://mariadb.org/feedback_plugin/post' unknown error number
2020-09-03 11:59:44 14632 [ERROR] feedback plugin: ssl failed for url 'https://mariadb.org/feedback_plugin/post' unknown error number
2020-09-03 12:00:44 14632 [ERROR] feedback plugin: ssl failed for url 'https://mariadb.org/feedback_plugin/post' unknown error number
2020-09-03 12:01:45 14632 [ERROR] feedback plugin: ssl failed for url 'https://mariadb.org/feedback_plugin/post' unknown error number
2020-09-03 12:02:45 14632 [ERROR] feedback plugin: ssl failed for url 'https://mariadb.org/feedback_plugin/post' unknown error number
2020-09-03 12:03:46 14632 [ERROR] feedback plugin: ssl failed for url 'https://mariadb.org/feedback_plugin/post' unknown error number
2020-09-03 12:04:46 14632 [ERROR] feedback plugin: ssl failed for url 'https://mariadb.org/feedback_plugin/post' unknown error number
2020-09-03 12:05:47 14632 [ERROR] feedback plugin: ssl failed for url 'https://mariadb.org/feedback_plugin/post' unknown error number
2020-09-03 12:06:47 14632 [ERROR] feedback plugin: ssl failed for url 'https://mariadb.org/feedback_plugin/post' unknown error number
2020-09-03 12:07:48 14632 [ERROR] feedback plugin: ssl failed for url 'https://mariadb.org/feedback_plugin/post' unknown error number
2020-09-03 12:08:48 14632 [ERROR] feedback plugin: ssl failed for url 'https://mariadb.org/feedback_plugin/post' unknown error number
2020-09-03 12:09:49 14632 [ERROR] feedback plugin: ssl failed for url 'https://mariadb.org/feedback_plugin/post' unknown error number
2020-09-03 12:10:49 14632 [ERROR] feedback plugin: ssl failed for url 'https://mariadb.org/feedback_plugin/post' unknown error number
2020-09-03 12:11:50 14632 [ERROR] feedback plugin: ssl failed for url 'https://mariadb.org/feedback_plugin/post' unknown error number
2020-09-03 12:12:50 14632 [ERROR] feedback plugin: ssl failed for url 'https://mariadb.org/feedback_plugin/post' unknown error number
2020-09-03 12:13:51 14632 [ERROR] feedback plugin: ssl failed for url 'https://mariadb.org/feedback_plugin/post' unknown error number
2020-09-03 12:14:51 14632 [ERROR] feedback plugin: ssl failed for url 'https://mariadb.org/feedback_plugin/post' unknown error number
2020-09-03 12:15:52 14632 [ERROR] feedback plugin: ssl failed for url 'https://mariadb.org/feedback_plugin/post' unknown error number
2020-09-03 12:16:52 14632 [ERROR] feedback plugin: ssl failed for url 'https://mariadb.org/feedback_plugin/post' unknown error number
2020-09-03 12:17:53 14632 [ERROR] feedback plugin: ssl failed for url 'https://mariadb.org/feedback_plugin/post' unknown error number
2020-09-03 12:18:53 14632 [ERROR] feedback plugin: ssl failed for url 'https://mariadb.org/feedback_plugin/post' unknown error number
2020-09-03 12:19:54 14632 [ERROR] feedback plugin: ssl failed for url 'https://mariadb.org/feedback_plugin/post' unknown error number
2020-09-03 12:20:54 14632 [ERROR] feedback plugin: ssl failed for url 'https://mariadb.org/feedback_plugin/post' unknown error number
2020-09-03 12:21:55 14632 [ERROR] feedback plugin: ssl failed for url 'https://mariadb.org/feedback_plugin/post' unknown error number
2020-09-03 12:22:55 14632 [ERROR] feedback plugin: ssl failed for url 'https://mariadb.org/feedback_plugin/post' unknown error number
2020-09-03 12:23:55 14632 [ERROR] feedback plugin: ssl failed for url 'https://mariadb.org/feedback_plugin/post' unknown error number
2020-09-03 12:24:56 14632 [ERROR] feedback plugin: ssl failed for url 'https://mariadb.org/feedback_plugin/post' unknown error number
2020-09-03 12:25:56 14632 [ERROR] feedback plugin: ssl failed for url 'https://mariadb.org/feedback_plugin/post' unknown error number
2020-09-03 12:26:57 14632 [ERROR] feedback plugin: ssl failed for url 'https://mariadb.org/feedback_plugin/post' unknown error number
2020-09-03 12:27:57 14632 [ERROR] feedback plugin: ssl failed for url 'https://mariadb.org/feedback_plugin/post' unknown error number
2020-09-03 12:28:58 14632 [ERROR] feedback plugin: ssl failed for url 'https://mariadb.org/feedback_plugin/post' unknown error number
2020-09-03 12:29:58 14632 [ERROR] feedback plugin: ssl failed for url 'https://mariadb.org/feedback_plugin/post' unknown error number
2020-09-03 12:30:59 14632 [ERROR] feedback plugin: ssl failed for url 'https://mariadb.org/feedback_plugin/post' unknown error number
2020-09-03 12:31:59 14632 [ERROR] feedback plugin: ssl failed for url 'https://mariadb.org/feedback_plugin/post' unknown error number
2020-09-03 12:33:01 14632 [ERROR] feedback plugin: ssl failed for url 'https://mariadb.org/feedback_plugin/post' unknown error number
2020-09-03 12:34:01 14632 [ERROR] feedback plugin: ssl failed for url 'https://mariadb.org/feedback_plugin/post' unknown error number
2020-09-03 12:35:02 14632 [ERROR] feedback plugin: ssl failed for url 'https://mariadb.org/feedback_plugin/post' unknown error number
2020-09-03 12:36:02 14632 [ERROR] feedback plugin: ssl failed for url 'https://mariadb.org/feedback_plugin/post' unknown error number
2020-09-03 12:37:03 14632 [ERROR] feedback plugin: ssl failed for url 'https://mariadb.org/feedback_plugin/post' unknown error number
2020-09-03 12:38:03 14632 [ERROR] feedback plugin: ssl failed for url 'https://mariadb.org/feedback_plugin/post' unknown error number
2020-09-03 12:39:04 14632 [ERROR] feedback plugin: ssl failed for url 'https://mariadb.org/feedback_plugin/post' unknown error number
2020-09-03 12:40:04 14632 [ERROR] feedback plugin: ssl failed for url 'https://mariadb.org/feedback_plugin/post' unknown error number
2020-09-03 12:41:05 14632 [ERROR] feedback plugin: ssl failed for url 'https://mariadb.org/feedback_plugin/post' unknown error number
2020-09-03 12:42:05 14632 [ERROR] feedback plugin: ssl failed for url 'https://mariadb.org/feedback_plugin/post' unknown error number
2020-09-03 12:43:06 14632 [ERROR] feedback plugin: ssl failed for url 'https://mariadb.org/feedback_plugin/post' unknown error number
2020-09-03 12:44:06 14632 [ERROR] feedback plugin: ssl failed for url 'https://mariadb.org/feedback_plugin/post' unknown error number
2020-09-03 12:45:07 14632 [ERROR] feedback plugin: ssl failed for url 'https://mariadb.org/feedback_plugin/post' unknown error number
2020-09-03 12:46:07 14632 [ERROR] feedback plugin: ssl failed for url 'https://mariadb.org/feedback_plugin/post' unknown error number
2020-09-03 12:47:08 14632 [ERROR] feedback plugin: ssl failed for url 'https://mariadb.org/feedback_plugin/post' unknown error number
2020-09-03 12:48:08 14632 [ERROR] feedback plugin: ssl failed for url 'https://mariadb.org/feedback_plugin/post' unknown error number
2020-09-03 12:49:09 14632 [ERROR] feedback plugin: ssl failed for url 'https://mariadb.org/feedback_plugin/post' unknown error number
2020-09-03 12:50:09 14632 [ERROR] feedback plugin: ssl failed for url 'https://mariadb.org/feedback_plugin/post' unknown error number
2020-09-03 12:51:10 14632 [ERROR] feedback plugin: ssl failed for url 'https://mariadb.org/feedback_plugin/post' unknown error number
2020-09-03 12:51:44 14428 [Note] E:\tools\ZenTao\xampp\mysql\bin\mysqld.exe: Normal shutdown

2020-09-03 12:51:44 14428 [Note] Event Scheduler: Purging the queue. 0 events
2020-09-03 12:51:44 14632 [ERROR] feedback plugin: ssl failed for url 'https://mariadb.org/feedback_plugin/post' unknown error number
2020-09-03 12:51:44 14428 [Note] E:\tools\ZenTao\xampp\mysql\bin\mysqld.exe: Shutdown complete

2020-09-03 15:21:34 22392 [Note] Plugin 'InnoDB' is disabled.
2020-09-03 15:21:34 22392 [Note] Server socket created on IP: '127.0.0.1'.
2020-09-03 15:21:34 23404 [Warning] Failed to load slave replication state from table mysql.gtid_slave_pos: 1286: Unknown storage engine 'InnoDB'
2020-09-03 15:21:34 22392 [Note] E:\tools\ZenTao\xampp\mysql\bin\mysqld.exe: ready for connections.
Version: '10.1.21-MariaDB'  socket: ''  port: 3306  mariadb.org binary distribution
2020-09-03 15:26:34 20308 [ERROR] feedback plugin: ssl failed for url 'https://mariadb.org/feedback_plugin/post' unknown error number
2020-09-03 15:27:35 20308 [ERROR] feedback plugin: ssl failed for url 'https://mariadb.org/feedback_plugin/post' unknown error number
2020-09-03 15:28:35 20308 [ERROR] feedback plugin: ssl failed for url 'https://mariadb.org/feedback_plugin/post' unknown error number
2020-09-03 15:29:36 20308 [ERROR] feedback plugin: ssl failed for url 'https://mariadb.org/feedback_plugin/post' unknown error number
2020-09-03 15:30:36 20308 [ERROR] feedback plugin: ssl failed for url 'https://mariadb.org/feedback_plugin/post' unknown error number
2020-09-03 15:31:37 20308 [ERROR] feedback plugin: ssl failed for url 'https://mariadb.org/feedback_plugin/post' unknown error number
2020-09-03 15:32:37 20308 [ERROR] feedback plugin: ssl failed for url 'https://mariadb.org/feedback_plugin/post' unknown error number
2020-09-03 15:33:38 20308 [ERROR] feedback plugin: ssl failed for url 'https://mariadb.org/feedback_plugin/post' unknown error number
2020-09-03 15:34:38 20308 [ERROR] feedback plugin: ssl failed for url 'https://mariadb.org/feedback_plugin/post' unknown error number
2020-09-03 15:35:38 20308 [ERROR] feedback plugin: ssl failed for url 'https://mariadb.org/feedback_plugin/post' unknown error number
2020-09-03 15:36:39 20308 [ERROR] feedback plugin: ssl failed for url 'https://mariadb.org/feedback_plugin/post' unknown error number
2020-09-03 15:37:39 20308 [ERROR] feedback plugin: ssl failed for url 'https://mariadb.org/feedback_plugin/post' unknown error number
2020-09-03 15:38:40 20308 [ERROR] feedback plugin: ssl failed for url 'https://mariadb.org/feedback_plugin/post' unknown error number
2020-09-03 15:39:40 20308 [ERROR] feedback plugin: ssl failed for url 'https://mariadb.org/feedback_plugin/post' unknown error number
2020-09-03 15:40:41 20308 [ERROR] feedback plugin: ssl failed for url 'https://mariadb.org/feedback_plugin/post' unknown error number
2020-09-03 15:41:41 20308 [ERROR] feedback plugin: ssl failed for url 'https://mariadb.org/feedback_plugin/post' unknown error number
2020-09-03 15:42:42 20308 [ERROR] feedback plugin: ssl failed for url 'https://mariadb.org/feedback_plugin/post' unknown error number
2020-09-03 15:43:42 20308 [ERROR] feedback plugin: ssl failed for url 'https://mariadb.org/feedback_plugin/post' unknown error number
2020-09-03 15:44:43 20308 [ERROR] feedback plugin: ssl failed for url 'https://mariadb.org/feedback_plugin/post' unknown error number
2020-09-03 15:45:43 20308 [ERROR] feedback plugin: ssl failed for url 'https://mariadb.org/feedback_plugin/post' unknown error number
2020-09-03 15:46:44 20308 [ERROR] feedback plugin: ssl failed for url 'https://mariadb.org/feedback_plugin/post' unknown error number
2020-09-03 15:47:44 20308 [ERROR] feedback plugin: ssl failed for url 'https://mariadb.org/feedback_plugin/post' unknown error number
2020-09-03 15:48:44 20308 [ERROR] feedback plugin: ssl failed for url 'https://mariadb.org/feedback_plugin/post' unknown error number
2020-09-03 15:49:45 20308 [ERROR] feedback plugin: ssl failed for url 'https://mariadb.org/feedback_plugin/post' unknown error number
2020-09-03 15:50:45 20308 [ERROR] feedback plugin: ssl failed for url 'https://mariadb.org/feedback_plugin/post' unknown error number
2020-09-03 15:51:46 20308 [ERROR] feedback plugin: ssl failed for url 'https://mariadb.org/feedback_plugin/post' unknown error number
2020-09-03 15:52:46 20308 [ERROR] feedback plugin: ssl failed for url 'https://mariadb.org/feedback_plugin/post' unknown error number
2020-09-03 15:53:47 20308 [ERROR] feedback plugin: ssl failed for url 'https://mariadb.org/feedback_plugin/post' unknown error number
2020-09-03 15:54:47 20308 [ERROR] feedback plugin: ssl failed for url 'https://mariadb.org/feedback_plugin/post' unknown error number
2020-09-03 15:55:48 20308 [ERROR] feedback plugin: ssl failed for url 'https://mariadb.org/feedback_plugin/post' unknown error number
2020-09-03 15:56:48 20308 [ERROR] feedback plugin: ssl failed for url 'https://mariadb.org/feedback_plugin/post' unknown error number
2020-09-03 15:57:49 20308 [ERROR] feedback plugin: ssl failed for url 'https://mariadb.org/feedback_plugin/post' unknown error number
2020-09-03 15:58:49 20308 [ERROR] feedback plugin: ssl failed for url 'https://mariadb.org/feedback_plugin/post' unknown error number
2020-09-03 15:59:50 20308 [ERROR] feedback plugin: ssl failed for url 'https://mariadb.org/feedback_plugin/post' unknown error number
2020-09-03 16:00:50 20308 [ERROR] feedback plugin: ssl failed for url 'https://mariadb.org/feedback_plugin/post' unknown error number
2020-09-03 16:01:51 20308 [ERROR] feedback plugin: ssl failed for url 'https://mariadb.org/feedback_plugin/post' unknown error number
2020-09-03 16:02:51 20308 [ERROR] feedback plugin: ssl failed for url 'https://mariadb.org/feedback_plugin/post' unknown error number
2020-09-03 16:03:52 20308 [ERROR] feedback plugin: ssl failed for url 'https://mariadb.org/feedback_plugin/post' unknown error number
2020-09-03 16:04:52 20308 [ERROR] feedback plugin: ssl failed for url 'https://mariadb.org/feedback_plugin/post' unknown error number
2020-09-03 16:05:53 20308 [ERROR] feedback plugin: ssl failed for url 'https://mariadb.org/feedback_plugin/post' unknown error number
2020-09-03 16:06:53 20308 [ERROR] feedback plugin: ssl failed for url 'https://mariadb.org/feedback_plugin/post' unknown error number
2020-09-03 16:07:53 20308 [ERROR] feedback plugin: ssl failed for url 'https://mariadb.org/feedback_plugin/post' unknown error number
2020-09-03 16:08:54 20308 [ERROR] feedback plugin: ssl failed for url 'https://mariadb.org/feedback_plugin/post' unknown error number
2020-09-03 16:09:54 20308 [ERROR] feedback plugin: ssl failed for url 'https://mariadb.org/feedback_plugin/post' unknown error number
2020-09-03 16:10:55 20308 [ERROR] feedback plugin: ssl failed for url 'https://mariadb.org/feedback_plugin/post' unknown error number
2020-09-03 16:11:55 20308 [ERROR] feedback plugin: ssl failed for url 'https://mariadb.org/feedback_plugin/post' unknown error number
2020-09-03 16:12:56 20308 [ERROR] feedback plugin: ssl failed for url 'https://mariadb.org/feedback_plugin/post' unknown error number
2020-09-03 16:13:56 20308 [ERROR] feedback plugin: ssl failed for url 'https://mariadb.org/feedback_plugin/post' unknown error number
2020-09-03 16:14:57 20308 [ERROR] feedback plugin: ssl failed for url 'https://mariadb.org/feedback_plugin/post' unknown error number
2020-09-03 16:15:57 20308 [ERROR] feedback plugin: ssl failed for url 'https://mariadb.org/feedback_plugin/post' unknown error number
2020-09-03 16:16:58 20308 [ERROR] feedback plugin: ssl failed for url 'https://mariadb.org/feedback_plugin/post' unknown error number
2020-09-03 16:17:58 20308 [ERROR] feedback plugin: ssl failed for url 'https://mariadb.org/feedback_plugin/post' unknown error number
2020-09-03 16:18:58 20308 [ERROR] feedback plugin: ssl failed for url 'https://mariadb.org/feedback_plugin/post' unknown error number
2020-09-03 16:19:59 20308 [ERROR] feedback plugin: ssl failed for url 'https://mariadb.org/feedback_plugin/post' unknown error number
2020-09-03 16:20:59 20308 [ERROR] feedback plugin: ssl failed for url 'https://mariadb.org/feedback_plugin/post' unknown error number
2020-09-03 16:22:00 20308 [ERROR] feedback plugin: ssl failed for url 'https://mariadb.org/feedback_plugin/post' unknown error number
2020-09-03 16:23:00 20308 [ERROR] feedback plugin: ssl failed for url 'https://mariadb.org/feedback_plugin/post' unknown error number
2020-09-03 16:24:01 20308 [ERROR] feedback plugin: ssl failed for url 'https://mariadb.org/feedback_plugin/post' unknown error number
2020-09-03 16:25:01 20308 [ERROR] feedback plugin: ssl failed for url 'https://mariadb.org/feedback_plugin/post' unknown error number
2020-09-03 16:26:02 20308 [ERROR] feedback plugin: ssl failed for url 'https://mariadb.org/feedback_plugin/post' unknown error number
2020-09-03 16:27:02 20308 [ERROR] feedback plugin: ssl failed for url 'https://mariadb.org/feedback_plugin/post' unknown error number
2020-09-03 16:28:03 20308 [ERROR] feedback plugin: ssl failed for url 'https://mariadb.org/feedback_plugin/post' unknown error number
2020-09-03 16:29:03 20308 [ERROR] feedback plugin: ssl failed for url 'https://mariadb.org/feedback_plugin/post' unknown error number
2020-09-03 16:30:04 20308 [ERROR] feedback plugin: ssl failed for url 'https://mariadb.org/feedback_plugin/post' unknown error number
2020-09-03 16:31:04 20308 [ERROR] feedback plugin: ssl failed for url 'https://mariadb.org/feedback_plugin/post' unknown error number
2020-09-03 16:32:05 20308 [ERROR] feedback plugin: ssl failed for url 'https://mariadb.org/feedback_plugin/post' unknown error number
2020-09-03 16:33:05 20308 [ERROR] feedback plugin: ssl failed for url 'https://mariadb.org/feedback_plugin/post' unknown error number
2020-09-03 16:34:05 20308 [ERROR] feedback plugin: ssl failed for url 'https://mariadb.org/feedback_plugin/post' unknown error number
2020-09-03 16:35:06 20308 [ERROR] feedback plugin: ssl failed for url 'https://mariadb.org/feedback_plugin/post' unknown error number
2020-09-03 16:36:06 20308 [ERROR] feedback plugin: ssl failed for url 'https://mariadb.org/feedback_plugin/post' unknown error number
2020-09-03 16:37:07 20308 [ERROR] feedback plugin: ssl failed for url 'https://mariadb.org/feedback_plugin/post' unknown error number
2020-09-03 16:38:07 20308 [ERROR] feedback plugin: ssl failed for url 'https://mariadb.org/feedback_plugin/post' unknown error number
2020-09-03 16:39:08 20308 [ERROR] feedback plugin: ssl failed for url 'https://mariadb.org/feedback_plugin/post' unknown error number
2020-09-03 16:40:08 20308 [ERROR] feedback plugin: ssl failed for url 'https://mariadb.org/feedback_plugin/post' unknown error number
2020-09-03 16:41:09 20308 [ERROR] feedback plugin: ssl failed for url 'https://mariadb.org/feedback_plugin/post' unknown error number
2020-09-03 16:42:09 20308 [ERROR] feedback plugin: ssl failed for url 'https://mariadb.org/feedback_plugin/post' unknown error number
2020-09-03 16:43:10 20308 [ERROR] feedback plugin: ssl failed for url 'https://mariadb.org/feedback_plugin/post' unknown error number
2020-09-03 16:44:10 20308 [ERROR] feedback plugin: ssl failed for url 'https://mariadb.org/feedback_plugin/post' unknown error number
2020-09-03 16:45:11 20308 [ERROR] feedback plugin: ssl failed for url 'https://mariadb.org/feedback_plugin/post' unknown error number
2020-09-03 16:46:11 20308 [ERROR] feedback plugin: ssl failed for url 'https://mariadb.org/feedback_plugin/post' unknown error number
2020-09-03 16:47:12 20308 [ERROR] feedback plugin: ssl failed for url 'https://mariadb.org/feedback_plugin/post' unknown error number
2020-09-03 16:48:12 20308 [ERROR] feedback plugin: ssl failed for url 'https://mariadb.org/feedback_plugin/post' unknown error number
2020-09-03 16:49:13 20308 [ERROR] feedback plugin: ssl failed for url 'https://mariadb.org/feedback_plugin/post' unknown error number
2020-09-03 16:50:13 20308 [ERROR] feedback plugin: ssl failed for url 'https://mariadb.org/feedback_plugin/post' unknown error number
2020-09-03 16:51:14 20308 [ERROR] feedback plugin: ssl failed for url 'https://mariadb.org/feedback_plugin/post' unknown error number
2020-09-03 16:52:14 20308 [ERROR] feedback plugin: ssl failed for url 'https://mariadb.org/feedback_plugin/post' unknown error number
2020-09-03 16:53:14 20308 [ERROR] feedback plugin: ssl failed for url 'https://mariadb.org/feedback_plugin/post' unknown error number
2020-09-03 16:54:15 20308 [ERROR] feedback plugin: ssl failed for url 'https://mariadb.org/feedback_plugin/post' unknown error number
2020-09-03 16:55:15 20308 [ERROR] feedback plugin: ssl failed for url 'https://mariadb.org/feedback_plugin/post' unknown error number
2020-09-03 16:56:16 20308 [ERROR] feedback plugin: ssl failed for url 'https://mariadb.org/feedback_plugin/post' unknown error number
2020-09-03 16:57:16 20308 [ERROR] feedback plugin: ssl failed for url 'https://mariadb.org/feedback_plugin/post' unknown error number
2020-09-03 16:58:17 20308 [ERROR] feedback plugin: ssl failed for url 'https://mariadb.org/feedback_plugin/post' unknown error number
2020-09-03 16:59:17 20308 [ERROR] feedback plugin: ssl failed for url 'https://mariadb.org/feedback_plugin/post' unknown error number
2020-09-03 17:00:18 20308 [ERROR] feedback plugin: ssl failed for url 'https://mariadb.org/feedback_plugin/post' unknown error number
2020-09-03 17:01:18 20308 [ERROR] feedback plugin: ssl failed for url 'https://mariadb.org/feedback_plugin/post' unknown error number
2020-09-03 17:02:19 20308 [ERROR] feedback plugin: ssl failed for url 'https://mariadb.org/feedback_plugin/post' unknown error number
2020-09-03 17:03:19 20308 [ERROR] feedback plugin: ssl failed for url 'https://mariadb.org/feedback_plugin/post' unknown error number
2020-09-03 17:04:19 20308 [ERROR] feedback plugin: ssl failed for url 'https://mariadb.org/feedback_plugin/post' unknown error number
2020-09-03 17:05:20 20308 [ERROR] feedback plugin: ssl failed for url 'https://mariadb.org/feedback_plugin/post' unknown error number
2020-09-03 17:06:20 20308 [ERROR] feedback plugin: ssl failed for url 'https://mariadb.org/feedback_plugin/post' unknown error number
2020-09-03 17:07:21 20308 [ERROR] feedback plugin: ssl failed for url 'https://mariadb.org/feedback_plugin/post' unknown error number
2020-09-03 17:08:21 20308 [ERROR] feedback plugin: ssl failed for url 'https://mariadb.org/feedback_plugin/post' unknown error number
2020-09-03 17:09:22 20308 [ERROR] feedback plugin: ssl failed for url 'https://mariadb.org/feedback_plugin/post' unknown error number
2020-09-03 17:10:22 20308 [ERROR] feedback plugin: ssl failed for url 'https://mariadb.org/feedback_plugin/post' unknown error number
2020-09-03 17:11:23 20308 [ERROR] feedback plugin: ssl failed for url 'https://mariadb.org/feedback_plugin/post' unknown error number
2020-09-03 17:12:23 20308 [ERROR] feedback plugin: ssl failed for url 'https://mariadb.org/feedback_plugin/post' unknown error number
2020-09-03 17:13:24 20308 [ERROR] feedback plugin: ssl failed for url 'https://mariadb.org/feedback_plugin/post' unknown error number
2020-09-03 17:14:24 20308 [ERROR] feedback plugin: ssl failed for url 'https://mariadb.org/feedback_plugin/post' unknown error number
2020-09-03 17:15:25 20308 [ERROR] feedback plugin: ssl failed for url 'https://mariadb.org/feedback_plugin/post' unknown error number
2020-09-03 17:16:25 20308 [ERROR] feedback plugin: ssl failed for url 'https://mariadb.org/feedback_plugin/post' unknown error number
2020-09-03 17:17:25 20308 [ERROR] feedback plugin: ssl failed for url 'https://mariadb.org/feedback_plugin/post' unknown error number
2020-09-03 17:18:26 20308 [ERROR] feedback plugin: ssl failed for url 'https://mariadb.org/feedback_plugin/post' unknown error number
2020-09-03 17:19:26 20308 [ERROR] feedback plugin: ssl failed for url 'https://mariadb.org/feedback_plugin/post' unknown error number
2020-09-03 17:20:27 20308 [ERROR] feedback plugin: ssl failed for url 'https://mariadb.org/feedback_plugin/post' unknown error number
2020-09-03 17:21:27 20308 [ERROR] feedback plugin: ssl failed for url 'https://mariadb.org/feedback_plugin/post' unknown error number
2020-09-03 17:22:28 20308 [ERROR] feedback plugin: ssl failed for url 'https://mariadb.org/feedback_plugin/post' unknown error number
2020-09-03 17:23:28 20308 [ERROR] feedback plugin: ssl failed for url 'https://mariadb.org/feedback_plugin/post' unknown error number
2020-09-03 17:24:29 20308 [ERROR] feedback plugin: ssl failed for url 'https://mariadb.org/feedback_plugin/post' unknown error number
2020-09-03 17:25:29 20308 [ERROR] feedback plugin: ssl failed for url 'https://mariadb.org/feedback_plugin/post' unknown error number
2020-09-03 17:26:30 20308 [ERROR] feedback plugin: ssl failed for url 'https://mariadb.org/feedback_plugin/post' unknown error number
2020-09-03 17:27:30 20308 [ERROR] feedback plugin: ssl failed for url 'https://mariadb.org/feedback_plugin/post' unknown error number
2020-09-03 17:28:31 20308 [ERROR] feedback plugin: ssl failed for url 'https://mariadb.org/feedback_plugin/post' unknown error number
2020-09-03 17:29:31 20308 [ERROR] feedback plugin: ssl failed for url 'https://mariadb.org/feedback_plugin/post' unknown error number
2020-09-03 17:30:31 20308 [ERROR] feedback plugin: ssl failed for url 'https://mariadb.org/feedback_plugin/post' unknown error number
2020-09-03 17:31:32 20308 [ERROR] feedback plugin: ssl failed for url 'https://mariadb.org/feedback_plugin/post' unknown error number
2020-09-03 17:32:32 20308 [ERROR] feedback plugin: ssl failed for url 'https://mariadb.org/feedback_plugin/post' unknown error number
2020-09-03 17:33:33 20308 [ERROR] feedback plugin: ssl failed for url 'https://mariadb.org/feedback_plugin/post' unknown error number
2020-09-03 17:34:33 20308 [ERROR] feedback plugin: ssl failed for url 'https://mariadb.org/feedback_plugin/post' unknown error number
2020-09-03 17:35:34 20308 [ERROR] feedback plugin: ssl failed for url 'https://mariadb.org/feedback_plugin/post' unknown error number
2020-09-03 17:36:34 20308 [ERROR] feedback plugin: ssl failed for url 'https://mariadb.org/feedback_plugin/post' unknown error number
2020-09-03 17:37:35 20308 [ERROR] feedback plugin: ssl failed for url 'https://mariadb.org/feedback_plugin/post' unknown error number
2020-09-03 17:38:35 20308 [ERROR] feedback plugin: ssl failed for url 'https://mariadb.org/feedback_plugin/post' unknown error number
2020-09-03 17:39:36 20308 [ERROR] feedback plugin: ssl failed for url 'https://mariadb.org/feedback_plugin/post' unknown error number
2020-09-03 17:40:36 20308 [ERROR] feedback plugin: ssl failed for url 'https://mariadb.org/feedback_plugin/post' unknown error number
2020-09-03 17:41:37 20308 [ERROR] feedback plugin: ssl failed for url 'https://mariadb.org/feedback_plugin/post' unknown error number
2020-09-03 17:42:37 20308 [ERROR] feedback plugin: ssl failed for url 'https://mariadb.org/feedback_plugin/post' unknown error number
2020-09-03 17:43:37 20308 [ERROR] feedback plugin: ssl failed for url 'https://mariadb.org/feedback_plugin/post' unknown error number
2020-09-03 17:44:38 20308 [ERROR] feedback plugin: ssl failed for url 'https://mariadb.org/feedback_plugin/post' unknown error number
2020-09-03 17:45:38 20308 [ERROR] feedback plugin: ssl failed for url 'https://mariadb.org/feedback_plugin/post' unknown error number
2020-09-03 17:46:39 20308 [ERROR] feedback plugin: ssl failed for url 'https://mariadb.org/feedback_plugin/post' unknown error number
2020-09-03 17:47:39 20308 [ERROR] feedback plugin: ssl failed for url 'https://mariadb.org/feedback_plugin/post' unknown error number
2020-09-03 17:48:40 20308 [ERROR] feedback plugin: ssl failed for url 'https://mariadb.org/feedback_plugin/post' unknown error number
2020-09-03 17:49:40 20308 [ERROR] feedback plugin: ssl failed for url 'https://mariadb.org/feedback_plugin/post' unknown error number
2020-09-03 17:50:41 20308 [ERROR] feedback plugin: ssl failed for url 'https://mariadb.org/feedback_plugin/post' unknown error number
2020-09-03 17:51:41 20308 [ERROR] feedback plugin: ssl failed for url 'https://mariadb.org/feedback_plugin/post' unknown error number
2020-09-03 17:52:42 20308 [ERROR] feedback plugin: ssl failed for url 'https://mariadb.org/feedback_plugin/post' unknown error number
2020-09-03 17:53:42 20308 [ERROR] feedback plugin: ssl failed for url 'https://mariadb.org/feedback_plugin/post' unknown error number
2020-09-03 17:54:43 20308 [ERROR] feedback plugin: ssl failed for url 'https://mariadb.org/feedback_plugin/post' unknown error number
2020-09-03 17:55:43 20308 [ERROR] feedback plugin: ssl failed for url 'https://mariadb.org/feedback_plugin/post' unknown error number
2020-09-03 17:56:44 20308 [ERROR] feedback plugin: ssl failed for url 'https://mariadb.org/feedback_plugin/post' unknown error number
2020-09-03 17:57:44 20308 [ERROR] feedback plugin: ssl failed for url 'https://mariadb.org/feedback_plugin/post' unknown error number
2020-09-03 17:58:45 20308 [ERROR] feedback plugin: ssl failed for url 'https://mariadb.org/feedback_plugin/post' unknown error number
2020-09-03 17:59:45 20308 [ERROR] feedback plugin: ssl failed for url 'https://mariadb.org/feedback_plugin/post' unknown error number
2020-09-03 18:00:45 20308 [ERROR] feedback plugin: ssl failed for url 'https://mariadb.org/feedback_plugin/post' unknown error number
2020-09-03 18:01:46 20308 [ERROR] feedback plugin: ssl failed for url 'https://mariadb.org/feedback_plugin/post' unknown error number
2020-09-03 18:02:46 20308 [ERROR] feedback plugin: ssl failed for url 'https://mariadb.org/feedback_plugin/post' unknown error number
2020-09-03 18:03:47 20308 [ERROR] feedback plugin: ssl failed for url 'https://mariadb.org/feedback_plugin/post' unknown error number
2020-09-03 18:04:47 20308 [ERROR] feedback plugin: ssl failed for url 'https://mariadb.org/feedback_plugin/post' unknown error number
2020-09-03 18:05:48 20308 [ERROR] feedback plugin: ssl failed for url 'https://mariadb.org/feedback_plugin/post' unknown error number
2020-09-03 18:06:48 20308 [ERROR] feedback plugin: ssl failed for url 'https://mariadb.org/feedback_plugin/post' unknown error number
2020-09-03 18:07:49 20308 [ERROR] feedback plugin: ssl failed for url 'https://mariadb.org/feedback_plugin/post' unknown error number
2020-09-03 18:08:49 20308 [ERROR] feedback plugin: ssl failed for url 'https://mariadb.org/feedback_plugin/post' unknown error number
2020-09-03 18:09:50 20308 [ERROR] feedback plugin: ssl failed for url 'https://mariadb.org/feedback_plugin/post' unknown error number
2020-09-03 18:10:50 20308 [ERROR] feedback plugin: ssl failed for url 'https://mariadb.org/feedback_plugin/post' unknown error number
2020-09-03 18:11:50 20308 [ERROR] feedback plugin: ssl failed for url 'https://mariadb.org/feedback_plugin/post' unknown error number
2020-09-03 18:12:51 20308 [ERROR] feedback plugin: ssl failed for url 'https://mariadb.org/feedback_plugin/post' unknown error number
2020-09-03 18:13:51 20308 [ERROR] feedback plugin: ssl failed for url 'https://mariadb.org/feedback_plugin/post' unknown error number
2020-09-03 18:14:52 20308 [ERROR] feedback plugin: ssl failed for url 'https://mariadb.org/feedback_plugin/post' unknown error number
2020-09-03 18:15:52 20308 [ERROR] feedback plugin: ssl failed for url 'https://mariadb.org/feedback_plugin/post' unknown error number
2020-09-03 18:16:53 20308 [ERROR] feedback plugin: ssl failed for url 'https://mariadb.org/feedback_plugin/post' unknown error number
2020-09-03 18:17:53 20308 [ERROR] feedback plugin: ssl failed for url 'https://mariadb.org/feedback_plugin/post' unknown error number
2020-09-03 18:18:53 20308 [ERROR] feedback plugin: ssl failed for url 'https://mariadb.org/feedback_plugin/post' unknown error number
2020-09-03 18:19:54 20308 [ERROR] feedback plugin: ssl failed for url 'https://mariadb.org/feedback_plugin/post' unknown error number
2020-09-03 18:20:54 20308 [ERROR] feedback plugin: ssl failed for url 'https://mariadb.org/feedback_plugin/post' unknown error number
2020-09-03 18:21:55 20308 [ERROR] feedback plugin: ssl failed for url 'https://mariadb.org/feedback_plugin/post' unknown error number
2020-09-03 18:22:55 20308 [ERROR] feedback plugin: ssl failed for url 'https://mariadb.org/feedback_plugin/post' unknown error number
2020-09-03 18:23:56 20308 [ERROR] feedback plugin: ssl failed for url 'https://mariadb.org/feedback_plugin/post' unknown error number
2020-09-03 18:24:56 20308 [ERROR] feedback plugin: ssl failed for url 'https://mariadb.org/feedback_plugin/post' unknown error number
2020-09-03 18:25:57 20308 [ERROR] feedback plugin: ssl failed for url 'https://mariadb.org/feedback_plugin/post' unknown error number
2020-09-03 18:26:57 20308 [ERROR] feedback plugin: ssl failed for url 'https://mariadb.org/feedback_plugin/post' unknown error number
2020-09-03 18:27:58 20308 [ERROR] feedback plugin: ssl failed for url 'https://mariadb.org/feedback_plugin/post' unknown error number
2020-09-03 18:28:58 20308 [ERROR] feedback plugin: ssl failed for url 'https://mariadb.org/feedback_plugin/post' unknown error number
2020-09-03 18:29:58 20308 [ERROR] feedback plugin: ssl failed for url 'https://mariadb.org/feedback_plugin/post' unknown error number
2020-09-03 18:30:59 20308 [ERROR] feedback plugin: ssl failed for url 'https://mariadb.org/feedback_plugin/post' unknown error number
2020-09-03 18:31:59 20308 [ERROR] feedback plugin: ssl failed for url 'https://mariadb.org/feedback_plugin/post' unknown error number
2020-09-03 18:33:00 20308 [ERROR] feedback plugin: ssl failed for url 'https://mariadb.org/feedback_plugin/post' unknown error number
2020-09-03 18:34:00 20308 [ERROR] feedback plugin: ssl failed for url 'https://mariadb.org/feedback_plugin/post' unknown error number
2020-09-03 18:35:01 20308 [ERROR] feedback plugin: ssl failed for url 'https://mariadb.org/feedback_plugin/post' unknown error number
2020-09-03 18:36:01 20308 [ERROR] feedback plugin: ssl failed for url 'https://mariadb.org/feedback_plugin/post' unknown error number
2020-09-03 18:37:02 20308 [ERROR] feedback plugin: ssl failed for url 'https://mariadb.org/feedback_plugin/post' unknown error number
2020-09-03 18:38:02 20308 [ERROR] feedback plugin: ssl failed for url 'https://mariadb.org/feedback_plugin/post' unknown error number
2020-09-03 18:39:03 20308 [ERROR] feedback plugin: ssl failed for url 'https://mariadb.org/feedback_plugin/post' unknown error number
2020-09-03 18:40:03 20308 [ERROR] feedback plugin: ssl failed for url 'https://mariadb.org/feedback_plugin/post' unknown error number
2020-09-03 18:41:04 20308 [ERROR] feedback plugin: ssl failed for url 'https://mariadb.org/feedback_plugin/post' unknown error number
2020-09-03 18:42:04 20308 [ERROR] feedback plugin: ssl failed for url 'https://mariadb.org/feedback_plugin/post' unknown error number
2020-09-03 18:43:04 20308 [ERROR] feedback plugin: ssl failed for url 'https://mariadb.org/feedback_plugin/post' unknown error number
2020-09-03 18:44:05 20308 [ERROR] feedback plugin: ssl failed for url 'https://mariadb.org/feedback_plugin/post' unknown error number
2020-09-03 18:45:05 20308 [ERROR] feedback plugin: ssl failed for url 'https://mariadb.org/feedback_plugin/post' unknown error number
2020-09-03 18:46:06 20308 [ERROR] feedback plugin: ssl failed for url 'https://mariadb.org/feedback_plugin/post' unknown error number
2020-09-03 18:47:06 20308 [ERROR] feedback plugin: ssl failed for url 'https://mariadb.org/feedback_plugin/post' unknown error number
2020-09-03 18:48:07 20308 [ERROR] feedback plugin: ssl failed for url 'https://mariadb.org/feedback_plugin/post' unknown error number
2020-09-03 18:49:07 20308 [ERROR] feedback plugin: ssl failed for url 'https://mariadb.org/feedback_plugin/post' unknown error number
2020-09-03 18:50:08 20308 [ERROR] feedback plugin: ssl failed for url 'https://mariadb.org/feedback_plugin/post' unknown error number
2020-09-03 18:51:08 20308 [ERROR] feedback plugin: ssl failed for url 'https://mariadb.org/feedback_plugin/post' unknown error number
2020-09-03 18:52:09 20308 [ERROR] feedback plugin: ssl failed for url 'https://mariadb.org/feedback_plugin/post' unknown error number
2020-09-03 18:53:09 20308 [ERROR] feedback plugin: ssl failed for url 'https://mariadb.org/feedback_plugin/post' unknown error number
2020-09-03 18:54:10 20308 [ERROR] feedback plugin: ssl failed for url 'https://mariadb.org/feedback_plugin/post' unknown error number
2020-09-03 18:55:10 20308 [ERROR] feedback plugin: ssl failed for url 'https://mariadb.org/feedback_plugin/post' unknown error number
2020-09-03 18:56:11 20308 [ERROR] feedback plugin: ssl failed for url 'https://mariadb.org/feedback_plugin/post' unknown error number
2020-09-03 18:57:11 20308 [ERROR] feedback plugin: ssl failed for url 'https://mariadb.org/feedback_plugin/post' unknown error number
2020-09-03 18:58:12 20308 [ERROR] feedback plugin: ssl failed for url 'https://mariadb.org/feedback_plugin/post' unknown error number
2020-09-03 18:59:12 20308 [ERROR] feedback plugin: ssl failed for url 'https://mariadb.org/feedback_plugin/post' unknown error number
2020-09-03 19:00:13 20308 [ERROR] feedback plugin: ssl failed for url 'https://mariadb.org/feedback_plugin/post' unknown error number
2020-09-03 19:01:13 20308 [ERROR] feedback plugin: ssl failed for url 'https://mariadb.org/feedback_plugin/post' unknown error number
2020-09-03 19:02:13 20308 [ERROR] feedback plugin: ssl failed for url 'https://mariadb.org/feedback_plugin/post' unknown error number
2020-09-03 19:03:14 20308 [ERROR] feedback plugin: ssl failed for url 'https://mariadb.org/feedback_plugin/post' unknown error number
2020-09-03 19:04:15 20308 [ERROR] feedback plugin: ssl failed for url 'https://mariadb.org/feedback_plugin/post' unknown error number
2020-09-03 19:05:15 20308 [ERROR] feedback plugin: ssl failed for url 'https://mariadb.org/feedback_plugin/post' unknown error number
2020-09-03 19:06:15 20308 [ERROR] feedback plugin: ssl failed for url 'https://mariadb.org/feedback_plugin/post' unknown error number
2020-09-03 19:07:16 20308 [ERROR] feedback plugin: ssl failed for url 'https://mariadb.org/feedback_plugin/post' unknown error number
2020-09-03 19:08:16 20308 [ERROR] feedback plugin: ssl failed for url 'https://mariadb.org/feedback_plugin/post' unknown error number
2020-09-03 19:09:17 20308 [ERROR] feedback plugin: ssl failed for url 'https://mariadb.org/feedback_plugin/post' unknown error number
2020-09-03 19:10:17 20308 [ERROR] feedback plugin: ssl failed for url 'https://mariadb.org/feedback_plugin/post' unknown error number
2020-09-03 19:11:18 20308 [ERROR] feedback plugin: ssl failed for url 'https://mariadb.org/feedback_plugin/post' unknown error number
2020-09-03 19:12:18 20308 [ERROR] feedback plugin: ssl failed for url 'https://mariadb.org/feedback_plugin/post' unknown error number
2020-09-03 19:13:19 20308 [ERROR] feedback plugin: ssl failed for url 'https://mariadb.org/feedback_plugin/post' unknown error number
2020-09-03 19:14:19 20308 [ERROR] feedback plugin: ssl failed for url 'https://mariadb.org/feedback_plugin/post' unknown error number
2020-09-03 19:15:20 20308 [ERROR] feedback plugin: ssl failed for url 'https://mariadb.org/feedback_plugin/post' unknown error number
2020-09-03 19:16:20 20308 [ERROR] feedback plugin: ssl failed for url 'https://mariadb.org/feedback_plugin/post' unknown error number
2020-09-03 19:17:20 20308 [ERROR] feedback plugin: ssl failed for url 'https://mariadb.org/feedback_plugin/post' unknown error number
2020-09-03 19:18:21 20308 [ERROR] feedback plugin: ssl failed for url 'https://mariadb.org/feedback_plugin/post' unknown error number
2020-09-03 19:19:21 20308 [ERROR] feedback plugin: ssl failed for url 'https://mariadb.org/feedback_plugin/post' unknown error number
2020-09-03 19:20:22 20308 [ERROR] feedback plugin: ssl failed for url 'https://mariadb.org/feedback_plugin/post' unknown error number
2020-09-03 19:21:22 20308 [ERROR] feedback plugin: ssl failed for url 'https://mariadb.org/feedback_plugin/post' unknown error number
2020-09-03 19:22:23 20308 [ERROR] feedback plugin: ssl failed for url 'https://mariadb.org/feedback_plugin/post' unknown error number
2020-09-03 19:23:23 20308 [ERROR] feedback plugin: ssl failed for url 'https://mariadb.org/feedback_plugin/post' unknown error number
2020-09-03 19:24:24 20308 [ERROR] feedback plugin: ssl failed for url 'https://mariadb.org/feedback_plugin/post' unknown error number
2020-09-03 19:25:24 20308 [ERROR] feedback plugin: ssl failed for url 'https://mariadb.org/feedback_plugin/post' unknown error number
2020-09-03 19:26:25 20308 [ERROR] feedback plugin: ssl failed for url 'https://mariadb.org/feedback_plugin/post' unknown error number
2020-09-03 19:27:25 20308 [ERROR] feedback plugin: ssl failed for url 'https://mariadb.org/feedback_plugin/post' unknown error number
2020-09-03 19:28:26 20308 [ERROR] feedback plugin: ssl failed for url 'https://mariadb.org/feedback_plugin/post' unknown error number
2020-09-03 19:29:26 20308 [ERROR] feedback plugin: ssl failed for url 'https://mariadb.org/feedback_plugin/post' unknown error number
2020-09-03 19:30:27 20308 [ERROR] feedback plugin: ssl failed for url 'https://mariadb.org/feedback_plugin/post' unknown error number
2020-09-03 19:31:27 20308 [ERROR] feedback plugin: ssl failed for url 'https://mariadb.org/feedback_plugin/post' unknown error number
2020-09-03 19:32:28 20308 [ERROR] feedback plugin: ssl failed for url 'https://mariadb.org/feedback_plugin/post' unknown error number
2020-09-03 19:33:28 20308 [ERROR] feedback plugin: ssl failed for url 'https://mariadb.org/feedback_plugin/post' unknown error number
2020-09-03 19:34:28 20308 [ERROR] feedback plugin: ssl failed for url 'https://mariadb.org/feedback_plugin/post' unknown error number
2020-09-03 19:35:29 20308 [ERROR] feedback plugin: ssl failed for url 'https://mariadb.org/feedback_plugin/post' unknown error number
2020-09-03 19:36:29 20308 [ERROR] feedback plugin: ssl failed for url 'https://mariadb.org/feedback_plugin/post' unknown error number
2020-09-03 19:37:30 20308 [ERROR] feedback plugin: ssl failed for url 'https://mariadb.org/feedback_plugin/post' unknown error number
2020-09-03 19:38:30 20308 [ERROR] feedback plugin: ssl failed for url 'https://mariadb.org/feedback_plugin/post' unknown error number
2020-09-03 19:39:31 20308 [ERROR] feedback plugin: ssl failed for url 'https://mariadb.org/feedback_plugin/post' unknown error number
2020-09-03 19:40:31 20308 [ERROR] feedback plugin: ssl failed for url 'https://mariadb.org/feedback_plugin/post' unknown error number
2020-09-03 19:41:32 20308 [ERROR] feedback plugin: ssl failed for url 'https://mariadb.org/feedback_plugin/post' unknown error number
2020-09-03 19:42:32 20308 [ERROR] feedback plugin: ssl failed for url 'https://mariadb.org/feedback_plugin/post' unknown error number
2020-09-03 19:43:33 20308 [ERROR] feedback plugin: ssl failed for url 'https://mariadb.org/feedback_plugin/post' unknown error number
2020-09-03 19:44:33 20308 [ERROR] feedback plugin: ssl failed for url 'https://mariadb.org/feedback_plugin/post' unknown error number
2020-09-03 19:45:34 20308 [ERROR] feedback plugin: ssl failed for url 'https://mariadb.org/feedback_plugin/post' unknown error number
2020-09-03 19:46:34 20308 [ERROR] feedback plugin: ssl failed for url 'https://mariadb.org/feedback_plugin/post' unknown error number
2020-09-03 19:47:35 20308 [ERROR] feedback plugin: ssl failed for url 'https://mariadb.org/feedback_plugin/post' unknown error number
2020-09-03 19:48:35 20308 [ERROR] feedback plugin: ssl failed for url 'https://mariadb.org/feedback_plugin/post' unknown error number
2020-09-03 19:49:36 20308 [ERROR] feedback plugin: ssl failed for url 'https://mariadb.org/feedback_plugin/post' unknown error number
2020-09-03 19:50:36 20308 [ERROR] feedback plugin: ssl failed for url 'https://mariadb.org/feedback_plugin/post' unknown error number
2020-09-03 19:51:37 20308 [ERROR] feedback plugin: ssl failed for url 'https://mariadb.org/feedback_plugin/post' unknown error number
2020-09-03 19:52:37 20308 [ERROR] feedback plugin: ssl failed for url 'https://mariadb.org/feedback_plugin/post' unknown error number
2020-09-03 19:53:38 20308 [ERROR] feedback plugin: ssl failed for url 'https://mariadb.org/feedback_plugin/post' unknown error number
2020-09-03 19:54:38 20308 [ERROR] feedback plugin: ssl failed for url 'https://mariadb.org/feedback_plugin/post' unknown error number
2020-09-03 19:55:39 20308 [ERROR] feedback plugin: ssl failed for url 'https://mariadb.org/feedback_plugin/post' unknown error number
2020-09-03 19:56:39 20308 [ERROR] feedback plugin: ssl failed for url 'https://mariadb.org/feedback_plugin/post' unknown error number
2020-09-03 19:57:40 20308 [ERROR] feedback plugin: ssl failed for url 'https://mariadb.org/feedback_plugin/post' unknown error number
2020-09-03 19:58:40 20308 [ERROR] feedback plugin: ssl failed for url 'https://mariadb.org/feedback_plugin/post' unknown error number
2020-09-03 19:59:41 20308 [ERROR] feedback plugin: ssl failed for url 'https://mariadb.org/feedback_plugin/post' unknown error number
2020-09-03 20:00:41 20308 [ERROR] feedback plugin: ssl failed for url 'https://mariadb.org/feedback_plugin/post' unknown error number
2020-09-03 20:01:41 20308 [ERROR] feedback plugin: ssl failed for url 'https://mariadb.org/feedback_plugin/post' unknown error number
2020-09-03 20:02:42 20308 [ERROR] feedback plugin: ssl failed for url 'https://mariadb.org/feedback_plugin/post' unknown error number
2020-09-03 20:03:43 20308 [ERROR] feedback plugin: ssl failed for url 'https://mariadb.org/feedback_plugin/post' unknown error number
2020-09-03 20:04:43 20308 [ERROR] feedback plugin: ssl failed for url 'https://mariadb.org/feedback_plugin/post' unknown error number
2020-09-03 20:05:44 20308 [ERROR] feedback plugin: ssl failed for url 'https://mariadb.org/feedback_plugin/post' unknown error number
2020-09-03 20:06:44 20308 [ERROR] feedback plugin: ssl failed for url 'https://mariadb.org/feedback_plugin/post' unknown error number
2020-09-03 20:07:44 20308 [ERROR] feedback plugin: ssl failed for url 'https://mariadb.org/feedback_plugin/post' unknown error number
2020-09-03 20:08:45 20308 [ERROR] feedback plugin: ssl failed for url 'https://mariadb.org/feedback_plugin/post' unknown error number
2020-09-03 20:09:45 20308 [ERROR] feedback plugin: ssl failed for url 'https://mariadb.org/feedback_plugin/post' unknown error number
2020-09-03 20:10:46 20308 [ERROR] feedback plugin: ssl failed for url 'https://mariadb.org/feedback_plugin/post' unknown error number
2020-09-03 20:11:46 20308 [ERROR] feedback plugin: ssl failed for url 'https://mariadb.org/feedback_plugin/post' unknown error number
2020-09-03 20:12:47 20308 [ERROR] feedback plugin: ssl failed for url 'https://mariadb.org/feedback_plugin/post' unknown error number
2020-09-03 20:13:47 20308 [ERROR] feedback plugin: ssl failed for url 'https://mariadb.org/feedback_plugin/post' unknown error number
2020-09-03 20:14:51 20308 [ERROR] feedback plugin: ssl failed for url 'https://mariadb.org/feedback_plugin/post' unknown error number
2020-09-03 20:15:51 20308 [ERROR] feedback plugin: ssl failed for url 'https://mariadb.org/feedback_plugin/post' unknown error number
2020-09-03 20:16:52 20308 [ERROR] feedback plugin: ssl failed for url 'https://mariadb.org/feedback_plugin/post' unknown error number
2020-09-03 20:17:52 20308 [ERROR] feedback plugin: ssl failed for url 'https://mariadb.org/feedback_plugin/post' unknown error number
2020-09-03 20:18:52 20308 [ERROR] feedback plugin: ssl failed for url 'https://mariadb.org/feedback_plugin/post' unknown error number
2020-09-03 20:19:53 20308 [ERROR] feedback plugin: ssl failed for url 'https://mariadb.org/feedback_plugin/post' unknown error number
2020-09-03 20:20:53 20308 [ERROR] feedback plugin: ssl failed for url 'https://mariadb.org/feedback_plugin/post' unknown error number
2020-09-03 20:21:54 20308 [ERROR] feedback plugin: ssl failed for url 'https://mariadb.org/feedback_plugin/post' unknown error number
2020-09-03 20:22:54 20308 [ERROR] feedback plugin: ssl failed for url 'https://mariadb.org/feedback_plugin/post' unknown error number
2020-09-03 20:23:55 20308 [ERROR] feedback plugin: ssl failed for url 'https://mariadb.org/feedback_plugin/post' unknown error number
2020-09-03 20:24:55 20308 [ERROR] feedback plugin: ssl failed for url 'https://mariadb.org/feedback_plugin/post' unknown error number
2020-09-03 20:25:56 20308 [ERROR] feedback plugin: ssl failed for url 'https://mariadb.org/feedback_plugin/post' unknown error number
2020-09-03 20:26:56 20308 [ERROR] feedback plugin: ssl failed for url 'https://mariadb.org/feedback_plugin/post' unknown error number
2020-09-03 20:27:57 20308 [ERROR] feedback plugin: ssl failed for url 'https://mariadb.org/feedback_plugin/post' unknown error number
2020-09-03 20:28:57 20308 [ERROR] feedback plugin: ssl failed for url 'https://mariadb.org/feedback_plugin/post' unknown error number
2020-09-03 20:29:58 20308 [ERROR] feedback plugin: ssl failed for url 'https://mariadb.org/feedback_plugin/post' unknown error number
2020-09-03 20:30:58 20308 [ERROR] feedback plugin: ssl failed for url 'https://mariadb.org/feedback_plugin/post' unknown error number
2020-09-03 20:31:58 20308 [ERROR] feedback plugin: ssl failed for url 'https://mariadb.org/feedback_plugin/post' unknown error number
2020-09-03 20:32:59 20308 [ERROR] feedback plugin: ssl failed for url 'https://mariadb.org/feedback_plugin/post' unknown error number
2020-09-03 20:33:59 20308 [ERROR] feedback plugin: ssl failed for url 'https://mariadb.org/feedback_plugin/post' unknown error number
2020-09-03 20:35:00 20308 [ERROR] feedback plugin: ssl failed for url 'https://mariadb.org/feedback_plugin/post' unknown error number
2020-09-03 20:36:00 20308 [ERROR] feedback plugin: ssl failed for url 'https://mariadb.org/feedback_plugin/post' unknown error number
2020-09-03 20:37:01 20308 [ERROR] feedback plugin: ssl failed for url 'https://mariadb.org/feedback_plugin/post' unknown error number
2020-09-03 20:38:01 20308 [ERROR] feedback plugin: ssl failed for url 'https://mariadb.org/feedback_plugin/post' unknown error number
2020-09-03 20:39:02 20308 [ERROR] feedback plugin: ssl failed for url 'https://mariadb.org/feedback_plugin/post' unknown error number
2020-09-03 20:40:02 20308 [ERROR] feedback plugin: ssl failed for url 'https://mariadb.org/feedback_plugin/post' unknown error number
2020-09-03 20:41:03 20308 [ERROR] feedback plugin: ssl failed for url 'https://mariadb.org/feedback_plugin/post' unknown error number
2020-09-03 20:42:03 20308 [ERROR] feedback plugin: ssl failed for url 'https://mariadb.org/feedback_plugin/post' unknown error number
2020-09-03 20:43:04 20308 [ERROR] feedback plugin: ssl failed for url 'https://mariadb.org/feedback_plugin/post' unknown error number
2020-09-03 20:44:04 20308 [ERROR] feedback plugin: ssl failed for url 'https://mariadb.org/feedback_plugin/post' unknown error number
2020-09-03 20:45:05 20308 [ERROR] feedback plugin: ssl failed for url 'https://mariadb.org/feedback_plugin/post' unknown error number
2020-09-03 20:46:05 20308 [ERROR] feedback plugin: ssl failed for url 'https://mariadb.org/feedback_plugin/post' unknown error number
2020-09-03 20:47:06 20308 [ERROR] feedback plugin: ssl failed for url 'https://mariadb.org/feedback_plugin/post' unknown error number
2020-09-03 20:48:06 20308 [ERROR] feedback plugin: ssl failed for url 'https://mariadb.org/feedback_plugin/post' unknown error number
2020-09-03 20:49:07 20308 [ERROR] feedback plugin: ssl failed for url 'https://mariadb.org/feedback_plugin/post' unknown error number
2020-09-03 20:50:07 20308 [ERROR] feedback plugin: ssl failed for url 'https://mariadb.org/feedback_plugin/post' unknown error number
2020-09-03 20:51:07 20308 [ERROR] feedback plugin: ssl failed for url 'https://mariadb.org/feedback_plugin/post' unknown error number
2020-09-03 20:52:08 20308 [ERROR] feedback plugin: ssl failed for url 'https://mariadb.org/feedback_plugin/post' unknown error number
2020-09-03 20:53:08 20308 [ERROR] feedback plugin: ssl failed for url 'https://mariadb.org/feedback_plugin/post' unknown error number
2020-09-03 20:54:09 20308 [ERROR] feedback plugin: ssl failed for url 'https://mariadb.org/feedback_plugin/post' unknown error number
2020-09-03 20:55:09 20308 [ERROR] feedback plugin: ssl failed for url 'https://mariadb.org/feedback_plugin/post' unknown error number
2020-09-03 20:56:10 20308 [ERROR] feedback plugin: ssl failed for url 'https://mariadb.org/feedback_plugin/post' unknown error number
2020-09-03 20:57:11 20308 [ERROR] feedback plugin: ssl failed for url 'https://mariadb.org/feedback_plugin/post' unknown error number
2020-09-03 20:58:12 20308 [ERROR] feedback plugin: ssl failed for url 'https://mariadb.org/feedback_plugin/post' unknown error number
2020-09-03 20:59:12 20308 [ERROR] feedback plugin: ssl failed for url 'https://mariadb.org/feedback_plugin/post' unknown error number
2020-09-03 21:00:13 20308 [ERROR] feedback plugin: ssl failed for url 'https://mariadb.org/feedback_plugin/post' unknown error number
2020-09-03 21:01:13 20308 [ERROR] feedback plugin: ssl failed for url 'https://mariadb.org/feedback_plugin/post' unknown error number
2020-09-03 21:02:14 20308 [ERROR] feedback plugin: ssl failed for url 'https://mariadb.org/feedback_plugin/post' unknown error number
2020-09-03 21:03:14 20308 [ERROR] feedback plugin: ssl failed for url 'https://mariadb.org/feedback_plugin/post' unknown error number
2020-09-03 21:04:15 20308 [ERROR] feedback plugin: ssl failed for url 'https://mariadb.org/feedback_plugin/post' unknown error number
2020-09-03 21:05:15 20308 [ERROR] feedback plugin: ssl failed for url 'https://mariadb.org/feedback_plugin/post' unknown error number
2020-09-03 21:06:16 20308 [ERROR] feedback plugin: ssl failed for url 'https://mariadb.org/feedback_plugin/post' unknown error number
2020-09-03 21:07:16 20308 [ERROR] feedback plugin: ssl failed for url 'https://mariadb.org/feedback_plugin/post' unknown error number
2020-09-03 21:08:16 20308 [ERROR] feedback plugin: ssl failed for url 'https://mariadb.org/feedback_plugin/post' unknown error number
2020-09-03 21:09:17 20308 [ERROR] feedback plugin: ssl failed for url 'https://mariadb.org/feedback_plugin/post' unknown error number
2020-09-03 21:10:17 20308 [ERROR] feedback plugin: ssl failed for url 'https://mariadb.org/feedback_plugin/post' unknown error number
2020-09-03 21:11:18 20308 [ERROR] feedback plugin: ssl failed for url 'https://mariadb.org/feedback_plugin/post' unknown error number
2020-09-03 21:12:18 20308 [ERROR] feedback plugin: ssl failed for url 'https://mariadb.org/feedback_plugin/post' unknown error number
2020-09-03 21:13:19 20308 [ERROR] feedback plugin: ssl failed for url 'https://mariadb.org/feedback_plugin/post' unknown error number
2020-09-03 21:14:19 20308 [ERROR] feedback plugin: ssl failed for url 'https://mariadb.org/feedback_plugin/post' unknown error number
2020-09-03 21:15:20 20308 [ERROR] feedback plugin: ssl failed for url 'https://mariadb.org/feedback_plugin/post' unknown error number
2020-09-03 21:16:20 20308 [ERROR] feedback plugin: ssl failed for url 'https://mariadb.org/feedback_plugin/post' unknown error number
2020-09-03 21:17:21 20308 [ERROR] feedback plugin: ssl failed for url 'https://mariadb.org/feedback_plugin/post' unknown error number
2020-09-03 21:18:21 20308 [ERROR] feedback plugin: ssl failed for url 'https://mariadb.org/feedback_plugin/post' unknown error number
2020-09-03 21:19:22 20308 [ERROR] feedback plugin: ssl failed for url 'https://mariadb.org/feedback_plugin/post' unknown error number
2020-09-03 21:20:22 20308 [ERROR] feedback plugin: ssl failed for url 'https://mariadb.org/feedback_plugin/post' unknown error number
2020-09-03 21:21:23 20308 [ERROR] feedback plugin: ssl failed for url 'https://mariadb.org/feedback_plugin/post' unknown error number
2020-09-03 21:22:23 20308 [ERROR] feedback plugin: ssl failed for url 'https://mariadb.org/feedback_plugin/post' unknown error number
2020-09-03 21:23:24 20308 [ERROR] feedback plugin: ssl failed for url 'https://mariadb.org/feedback_plugin/post' unknown error number
2020-09-03 21:24:24 20308 [ERROR] feedback plugin: ssl failed for url 'https://mariadb.org/feedback_plugin/post' unknown error number
2020-09-03 21:25:25 20308 [ERROR] feedback plugin: ssl failed for url 'https://mariadb.org/feedback_plugin/post' unknown error number
2020-09-03 21:26:25 20308 [ERROR] feedback plugin: ssl failed for url 'https://mariadb.org/feedback_plugin/post' unknown error number
2020-09-03 21:27:26 20308 [ERROR] feedback plugin: ssl failed for url 'https://mariadb.org/feedback_plugin/post' unknown error number
2020-09-03 21:28:26 20308 [ERROR] feedback plugin: ssl failed for url 'https://mariadb.org/feedback_plugin/post' unknown error number
2020-09-03 21:29:27 20308 [ERROR] feedback plugin: ssl failed for url 'https://mariadb.org/feedback_plugin/post' unknown error number
2020-09-03 21:30:27 20308 [ERROR] feedback plugin: ssl failed for url 'https://mariadb.org/feedback_plugin/post' unknown error number
2020-09-03 21:31:27 20308 [ERROR] feedback plugin: ssl failed for url 'https://mariadb.org/feedback_plugin/post' unknown error number
2020-09-03 21:32:28 20308 [ERROR] feedback plugin: ssl failed for url 'https://mariadb.org/feedback_plugin/post' unknown error number
2020-09-03 21:33:28 20308 [ERROR] feedback plugin: ssl failed for url 'https://mariadb.org/feedback_plugin/post' unknown error number
2020-09-03 21:34:29 20308 [ERROR] feedback plugin: ssl failed for url 'https://mariadb.org/feedback_plugin/post' unknown error number
2020-09-03 21:35:29 20308 [ERROR] feedback plugin: ssl failed for url 'https://mariadb.org/feedback_plugin/post' unknown error number
2020-09-03 21:36:30 20308 [ERROR] feedback plugin: ssl failed for url 'https://mariadb.org/feedback_plugin/post' unknown error number
2020-09-03 21:37:30 20308 [ERROR] feedback plugin: ssl failed for url 'https://mariadb.org/feedback_plugin/post' unknown error number
2020-09-03 21:38:31 20308 [ERROR] feedback plugin: ssl failed for url 'https://mariadb.org/feedback_plugin/post' unknown error number
2020-09-03 21:39:31 20308 [ERROR] feedback plugin: ssl failed for url 'https://mariadb.org/feedback_plugin/post' unknown error number
2020-09-03 21:40:33 20308 [ERROR] feedback plugin: ssl failed for url 'https://mariadb.org/feedback_plugin/post' unknown error number
2020-09-03 21:41:34 20308 [ERROR] feedback plugin: ssl failed for url 'https://mariadb.org/feedback_plugin/post' unknown error number
2020-09-03 21:42:34 20308 [ERROR] feedback plugin: ssl failed for url 'https://mariadb.org/feedback_plugin/post' unknown error number
2020-09-03 21:43:35 20308 [ERROR] feedback plugin: ssl failed for url 'https://mariadb.org/feedback_plugin/post' unknown error number
2020-09-03 21:44:35 20308 [ERROR] feedback plugin: ssl failed for url 'https://mariadb.org/feedback_plugin/post' unknown error number
2020-09-03 21:45:36 20308 [ERROR] feedback plugin: ssl failed for url 'https://mariadb.org/feedback_plugin/post' unknown error number
2020-09-03 21:46:36 20308 [ERROR] feedback plugin: ssl failed for url 'https://mariadb.org/feedback_plugin/post' unknown error number
2020-09-03 21:47:37 20308 [ERROR] feedback plugin: ssl failed for url 'https://mariadb.org/feedback_plugin/post' unknown error number
2020-09-03 21:48:37 20308 [ERROR] feedback plugin: ssl failed for url 'https://mariadb.org/feedback_plugin/post' unknown error number
2020-09-03 21:49:38 20308 [ERROR] feedback plugin: ssl failed for url 'https://mariadb.org/feedback_plugin/post' unknown error number
